app/build/outputs/mapping/release/seeds.txt
com.example.tictactoe.MainActivity
com.example.tictactoe.Mark: com.example.tictactoe.Mark[] values()
com.example.tictactoe.CellKind: com.example.tictactoe.CellKind valueOf(java.lang.String)
com.example.tictactoe.CellKind: com.example.tictactoe.CellKind[] values()
com.example.tictactoe.MainActivity: MainActivity()
com.example.tictactoe.Mark: com.example.tictactoe.Mark valueOf(java.lang.String)
...
com.google.android.material.textfield.TextInputLayout: android.graphics.drawable.Drawable getPasswordVisibilityToggleDrawable()
androidx.appcompat.widget.Toolbar: void setLogo(android.graphics.drawable.Drawable)
androidx.recyclerview.widget.RecyclerView: void setItemAnimator(androidx.recyclerview.widget.RecyclerView$ItemAnimator)
androidx.core.view.accessibility.AccessibilityNodeInfoCompat$Api30Impl: java.lang.Object createRangeInfo(int,float,float,float)
com.google.android.material.textfield.TextInputLayout: void setHint(java.lang.CharSequence)
androidx.constraintlayout.widget.ConstraintLayout: void setMaxHeight(int)
androidx.core.graphics.drawable.DrawableCompat$Api23Impl: boolean setLayoutDirection(android.graphics.drawable.Drawable,int)
androidx.core.view.WindowInsetsCompat$Impl28: boolean equals(java.lang.Object)
androidx.appcompat.widget.AppCompatEditText: void setKeyListener(android.text.method.KeyListener)
com.google.android.material.appbar.AppBarLayout$Behavior: AppBarLayout$Behavior(android.content.Context,android.util.AttributeSet)
com.google.android.material.textfield.TextInputLayout: void setMinWidth(int)
androidx.transition.ObjectAnimatorUtils$Api21Impl: android.animation.ObjectAnimator ofObject(java.lang.Object,android.util.Property,android.graphics.Path)
com.google.android.material.chip.Chip: void setChipStrokeColorResource(int)
com.google.android.material.button.MaterialButton: void setCheckable(boolean)
com.google.android.material.textfield.TextInputLayout: void setHelperTextTextAppearance(int)
androidx.appcompat.widget.AppCompatButton: androidx.appcompat.widget.AppCompatEmojiTextHelper getEmojiTextViewHelper()
androidx.appcompat.widget.LinearLayoutCompat: void setBaselineAlignedChildIndex(int)
com.google.android.material.appbar.MaterialToolbar: void setTitleCentered(boolean)
androidx.core.view.ViewCompat$Api21Impl: void setTranslationZ(android.view.View,float)
com.google.android.material.textfield.MaterialAutoCompleteTextView: int getSimpleItemSelectedColor()
com.google.android.material.carousel.CarouselLayoutManager: CarouselLayoutManager(android.content.Context,android.util.AttributeSet,int,int)
com.google.android.material.button.MaterialButton: int getInsetBottom()
androidx.appcompat.view.menu.ActionMenuItemView: void setItemInvoker(androidx.appcompat.view.menu.MenuBuilder$ItemInvoker)
androidx.core.app.AppOpsManagerCompat$Api29Impl: int checkOpNoThrow(android.app.AppOpsManager,java.lang.String,int,java.lang.String)
androidx.appcompat.widget.Toolbar: void setSubtitleTextColor(android.content.res.ColorStateList)
androidx.appcompat.widget.LinearLayoutCompat: int getDividerPadding()
androidx.appcompat.widget.AppCompatToggleButton: void setSupportCompoundDrawablesTintList(android.content.res.ColorStateList)
androidx.appcompat.widget.LinearLayoutCompat: void setOrientation(int)
androidx.core.graphics.drawable.IconCompat$Api23Impl: android.graphics.drawable.Icon toIcon(androidx.core.graphics.drawable.IconCompat,android.content.Context)
androidx.core.view.WindowInsetsCompat$BuilderImpl20: void setSystemWindowInsets(androidx.core.graphics.Insets)
androidx.core.view.ViewParentCompat$Api21Impl: void onNestedScroll(android.view.ViewParent,android.view.View,int,int,int,int)
androidx.core.graphics.drawable.IconCompat$Api26Impl: android.graphics.drawable.Icon createWithAdaptiveBitmap(android.graphics.Bitmap)
androidx.appcompat.widget.AppCompatMultiAutoCompleteTextView: void setBackgroundDrawable(android.graphics.drawable.Drawable)
androidx.core.view.ViewCompat$Api30Impl: boolean isImportantForContentCapture(android.view.View)
androidx.appcompat.widget.AppCompatImageButton: android.content.res.ColorStateList getSupportBackgroundTintList()
androidx.versionedparcelable.CustomVersionedParcelable: CustomVersionedParcelable()
androidx.core.app.RemoteActionCompatParcelizer: void write(androidx.core.app.RemoteActionCompat,androidx.versionedparcelable.VersionedParcel)