app/build/outputs/mapping/release/mapping.txt
# compiler: R8
# compiler_version: 8.5.35
# min_api: 21
# common_typos_disable
# {"id":"com.android.tools.r8.mapping","version":"2.2"}
# pg_map_id: 5db72f8
# pg_map_hash: SHA-256 5db72f87792fcd65c83a8fdedb96c3d5a5b8d3fdd79d8d5fffd0dd64c11a0df2
com.example.tictactoe.CellKind -> h0.a:
# {"id":"sourceFile","fileName":"GameModes.kt"}
    com.example.tictactoe.CellKind EMPTY -> a
      # {"id":"com.android.tools.r8.residualsignature","signature":"Lh0/a;"}
    com.example.tictactoe.CellKind BLOCKED -> b
      # {"id":"com.android.tools.r8.residualsignature","signature":"Lh0/a;"}
    com.example.tictactoe.CellKind X -> c
      # {"id":"com.android.tools.r8.residualsignature","signature":"Lh0/a;"}
    com.example.tictactoe.CellKind O -> d
      # {"id":"com.android.tools.r8.residualsignature","signature":"Lh0/a;"}
    com.example.tictactoe.CellKind[] $VALUES -> e
      # {"id":"com.android.tools.r8.residualsignature","signature":"[Lh0/a;"}
    7:11:void <init>(java.lang.String,int):0:0 -> <clinit>
    7:11:void <clinit>():0 -> <clinit>
    12:15:void <clinit>():0:0 -> <clinit>
    16:20:void <init>(java.lang.String,int):0:0 -> <clinit>
    16:20:void <clinit>():0 -> <clinit>
    21:24:void <clinit>():0:0 -> <clinit>
    25:29:void <init>(java.lang.String,int):0:0 -> <clinit>
    25:29:void <clinit>():0 -> <clinit>
    30:33:void <clinit>():0:0 -> <clinit>
    34:38:void <init>(java.lang.String,int):0:0 -> <clinit>
    34:38:void <clinit>():0 -> <clinit>
    39:41:void <clinit>():0:0 -> <clinit>
    42:51:com.example.tictactoe.CellKind[] $values():0:0 -> <clinit>
    42:51:void <clinit>():0 -> <clinit>
    52:54:void <clinit>():0:0 -> <clinit>
    1:9:com.example.tictactoe.CellKind valueOf(java.lang.String):0:0 -> valueOf
com.example.tictactoe.CellViewState -> h0.b:
# {"id":"sourceFile","fileName":"GameModes.kt"}
    java.lang.String text -> a
    boolean enabled -> b
    boolean blocked -> c
    1:10:void <init>(java.lang.String,boolean,boolean):0:0 -> <init>
    5:38:boolean equals(java.lang.Object):0:0 -> equals
    13:32:int java.lang.Boolean.hashCode(boolean):0:0 -> hashCode
    13:32:int hashCode():0 -> hashCode
    1:42:java.lang.String toString():0:0 -> toString
com.example.tictactoe.ConfigurableMode -> h0.c:
# {"id":"sourceFile","fileName":"GameModes.kt"}
    com.example.tictactoe.ModeDefinition definition -> a
      # {"id":"com.android.tools.r8.residualsignature","signature":"Lh0/i;"}
    int size -> b
    int winLength -> c
    boolean misere -> d
    int blockedCells -> e
    java.lang.Integer timedSeconds -> f
    boolean bombEnabled -> g
    boolean gravityEnabled -> h
    com.example.tictactoe.CellKind[] board -> i
      # {"id":"com.android.tools.r8.residualsignature","signature":"[Lh0/a;"}
    com.example.tictactoe.Mark current -> j
      # {"id":"com.android.tools.r8.residualsignature","signature":"Lh0/h;"}
    boolean gameOver -> k
    java.lang.String status -> l
    int secondsLeft -> m
    java.lang.Integer bombIndex -> n
    boolean bombActive -> o
    1:1:void <init>(com.example.tictactoe.ModeDefinition,int,int,boolean,int,java.lang.Integer,boolean,boolean):0:0 -> <init>
    1:1:void <init>(com.example.tictactoe.ModeDefinition,int,int,boolean,int,java.lang.Integer,boolean,boolean,int,kotlin.jvm.internal.DefaultConstructorMarker):0 -> <init>
      # {"id":"com.android.tools.r8.residualsignature","signature":"(Lh0/i;IIZILjava/lang/Integer;ZZI)V"}
    27:32:com.example.tictactoe.Mark com.example.tictactoe.Mark.other():0:0 -> a
    27:32:void tick():0 -> a
    33:42:void tick():0:0 -> a
    43:44:java.lang.String com.example.tictactoe.Mark.getSymbol():0:0 -> a
    43:44:void tick():0 -> a
com.example.tictactoe.GameMode -> h0.d:
# {"id":"sourceFile","fileName":"GameModes.kt"}
    void tick() -> a
    void tap(int) -> b
    com.example.tictactoe.GameViewState render() -> c
      # {"id":"com.android.tools.r8.residualsignature","signature":"()Lh0/e;"}
    com.example.tictactoe.ModeDefinition getDefinition() -> d
      # {"id":"com.android.tools.r8.residualsignature","signature":"()Lh0/i;"}
    void newGame() -> e
com.example.tictactoe.GameModesFactory -> R8$$REMOVED$$CLASS$$100:
# {"id":"sourceFile","fileName":"GameModes.kt"}
...
com.google.android.material.internal.NavigationMenuItemView -> com.google.android.material.internal.NavigationMenuItemView:
# {"id":"sourceFile","fileName":"NavigationMenuItemView.java"}
    android.widget.FrameLayout actionArea -> A
    androidx.appcompat.view.menu.MenuItemImpl itemData -> B
      # {"id":"com.android.tools.r8.residualsignature","signature":"Lj/o;"}
    android.content.res.ColorStateList iconTintList -> C
    boolean hasIconTintList -> D
    android.graphics.drawable.Drawable emptyDrawable -> E
    androidx.core.view.AccessibilityDelegateCompat accessibilityDelegate -> F
      # {"id":"com.android.tools.r8.residualsignature","signature":"Lcom/google/android/material/datepicker/i;"}
    int[] CHECKED_STATE_SET -> G
    int iconSize -> v
    boolean needsEmptyIcon -> w
    boolean checkable -> x
    boolean isBold -> y
    android.widget.CheckedTextView textView -> z
    1:60:void <init>(android.content.Context,android.util.AttributeSet,int):0:0 -> <init>
    1:60:void <init>(android.content.Context,android.util.AttributeSet):0 -> <init>
    3:6:int androidx.appcompat.view.menu.MenuItemImpl.getItemId():0:0 -> c
    3:6:void initialize(androidx.appcompat.view.menu.MenuItemImpl,int):0 -> c
      # {"id":"com.android.tools.r8.rewriteFrame","conditions":["throws(Ljava/lang/NullPointerException;)"],"actions":["removeInnerFrames(1)"]}
      # {"id":"com.android.tools.r8.residualsignature","signature":"(Lj/o;)V"}
com.google.android.material.internal.NavigationMenuView -> com.google.android.material.internal.NavigationMenuView:
# {"id":"sourceFile","fileName":"NavigationMenuView.java"}
    2:14:void <init>(android.content.Context,android.util.AttributeSet,int):0:0 -> <init>
    2:14:void <init>(android.content.Context,android.util.AttributeSet):0 -> <init>
    1:1:void initialize(androidx.appcompat.view.menu.MenuBuilder):0:0 -> a
      # {"id":"com.android.tools.r8.residualsignature","signature":"(Lj/m;)V"}
com.google.android.material.internal.StaticLayoutBuilderCompat -> w0.g:
# {"id":"sourceFile","fileName":"StaticLayoutBuilderCompat.java"}
    java.lang.CharSequence source -> a
    android.text.TextPaint paint -> b
    int width -> c
    int end -> d
    android.text.Layout$Alignment alignment -> e
    int maxLines -> f
    float lineSpacingAdd -> g
    float lineSpacingMultiplier -> h
    int hyphenationFrequency -> i
    boolean includePad -> j
    boolean isRtl -> k
    android.text.TextUtils$TruncateAt ellipsize -> l
    int DEFAULT_HYPHENATION_FREQUENCY -> m
    boolean initialized -> n
    java.lang.reflect.Constructor constructor -> o
    java.lang.Object textDirection -> p
      # {"id":"com.android.tools.r8.residualsignature","signature":"Landroid/text/TextDirectionHeuristic;"}
    1:12:void <clinit>():0:0 -> <clinit>
    1:42:void <init>(java.lang.CharSequence,android.text.TextPaint,int):0:0 -> <init>
    145:237:void createConstructorWithReflection():0:0 -> a
    145:237:android.text.StaticLayout build():0 -> a
    238:239:android.text.StaticLayout build():0:0 -> a
    240:242:java.lang.Object androidx.core.util.Preconditions.checkNotNull(java.lang.Object):0:0 -> a
    240:242:android.text.StaticLayout build():0 -> a
    243:260:android.text.StaticLayout build():0:0 -> a
    261:263:java.lang.Object androidx.core.util.Preconditions.checkNotNull(java.lang.Object):0:0 -> a
    261:263:android.text.StaticLayout build():0 -> a
com.google.android.material.internal.StaticLayoutBuilderCompat$StaticLayoutBuilderCompatException -> w0.f:
# {"id":"sourceFile","fileName":"StaticLayoutBuilderCompat.java"}
    1:22:void <init>(java.lang.Throwable):0:0 -> <init>
      # {"id":"com.android.tools.r8.residualsignature","signature":"(Ljava/lang/Exception;)V"}