app/build/outputs/mapping/release/usage.txt
com.example.tictactoe.CellKind:
    public static kotlin.enums.EnumEntries getEntries()
com.example.tictactoe.CellViewState:
    public synthetic void <init>(java.lang.String,boolean,boolean,int,kotlin.jvm.internal.DefaultConstructorMarker)
    public final java.lang.String component1()
    public final boolean component2()
    public final boolean component3()
    public final com.example.tictactoe.CellViewState copy(java.lang.String,boolean,boolean)
    public static synthetic com.example.tictactoe.CellViewState copy$default(com.example.tictactoe.CellViewState,java.lang.String,boolean,boolean,int,java.lang.Object)
com.example.tictactoe.GameViewState:
    public final int component1()
    public final java.lang.String component2()
    public final java.util.List component3()
    public final java.lang.String component4()
    public final java.lang.String component5()
    public final boolean component6()
    public final com.example.tictactoe.GameViewState copy(int,java.lang.String,java.util.List,java.lang.String,java.lang.String,boolean)
    public static synthetic com.example.tictactoe.GameViewState copy$default(com.example.tictactoe.GameViewState,int,java.lang.String,java.util.List,java.lang.String,java.lang.String,boolean,int,java.lang.Object)
    public final boolean getGameOver()
    public final java.lang.String getModeName()
com.example.tictactoe.Mark:
    public static kotlin.enums.EnumEntries getEntries()
com.example.tictactoe.ModeDefinition:
    public final java.lang.String component1()
    public final java.lang.String component2()
    public final java.lang.String component3()
    public final com.example.tictactoe.ModeDefinition copy(java.lang.String,java.lang.String,java.lang.String)
    public static synthetic com.example.tictactoe.ModeDefinition copy$default(com.example.tictactoe.ModeDefinition,java.lang.String,java.lang.String,java.lang.String,int,java.lang.Object)
    public final java.lang.String getId()
com.example.tictactoe.R$color
com.example.tictactoe.R$drawable
com.example.tictactoe.R$id:
    private void <init>()
com.example.tictactoe.R$layout:
    private void <init>()
com.example.tictactoe.R$mipmap
com.example.tictactoe.R$string
com.example.tictactoe.R$style
com.example.tictactoe.R
com.example.tictactoe.WinData
com.example.tictactoe.CellKind:
    public static final synthetic kotlin.enums.EnumEntries $ENTRIES
com.example.tictactoe.CellViewState$$InternalSyntheticBackport$1$8dcc4a443d7e116beae6a64ed75f6eea2a0a20220f6070b040c8726508a99593$0
com.example.tictactoe.CellViewState$$InternalSyntheticBackport$1$8dcc4a443d7e116beae6a64ed75f6eea2a0a20220f6070b040c8726508a99593$1
com.example.tictactoe.CellViewState:
    public static boolean getBlocked()
    public static boolean getEnabled()
    public static java.lang.String getText()
com.example.tictactoe.ConfigurableMode$WhenMappings
com.example.tictactoe.ConfigurableMode:
    public static boolean hasEmptyInColumn()
    public static int lowestEmptyInColumn()
    public static void triggerBomb()
com.example.tictactoe.GameMode$DefaultImpls
com.example.tictactoe.GameModesFactory
com.example.tictactoe.GameModesKt$WhenMappings
com.example.tictactoe.GameViewState$$InternalSyntheticBackport$1$0a1f476a31271c43adeefdbc58968007b6464bf37ad81cc75d88e5897266feaa$0
com.example.tictactoe.GameViewState:
    public static int getBoardSize()
    public static java.util.List getCells()
    public static java.lang.String getModeDescription()
    public static java.lang.String getStatus()
com.example.tictactoe.MainActivity:
    public static void rebuildGrid()
    public final void switchMode(int)
com.example.tictactoe.Mark:
    public static final synthetic kotlin.enums.EnumEntries $ENTRIES
    public static java.lang.String getSymbol()
    public final com.example.tictactoe.Mark other()
com.example.tictactoe.ModeDefinition:
    public static java.lang.String getDescription()
    public static java.lang.String getTitle()
com.example.tictactoe.R$id
...
androidx.appcompat.widget.FitWindowsFrameLayout:
    public androidx.appcompat.widget.FitWindowsViewGroup$OnFitSystemWindowsListener mListener
androidx.appcompat.widget.FitWindowsLinearLayout:
    public androidx.appcompat.widget.FitWindowsViewGroup$OnFitSystemWindowsListener mListener
androidx.appcompat.widget.FitWindowsViewGroup$OnFitSystemWindowsListener:
    public abstract void onFitSystemWindows()
androidx.appcompat.widget.FitWindowsViewGroup
androidx.appcompat.widget.ForwardingListener:
    public abstract void onLongPress()
    public abstract boolean onTouchForwarded()
    public abstract boolean onTouchObserved()
    public abstract boolean toGlobalMotionEvent()
    public abstract boolean toLocalMotionEvent()
androidx.appcompat.widget.LinearLayoutCompat:
    public abstract void drawDividersHorizontal()
    public abstract void drawDividersVertical()
    public abstract void forceUniformHeight()
    public abstract void forceUniformWidth$1()
    public abstract int getChildrenSkipCount()
    public abstract int getLocationOffset()
    public abstract int getNextLocationOffset()
    public abstract android.view.View getVirtualChildAt()
    public abstract void layoutHorizontal()
    public abstract void layoutVertical()
    public abstract void measureChildBeforeLayout()
    public abstract void measureHorizontal()
    public abstract int measureNullChild()
    public abstract void measureVertical()
    public abstract void setChildFrame$1()
androidx.appcompat.widget.ListPopupWindow$2
androidx.appcompat.widget.ListPopupWindow:
    public boolean mDropDownAlwaysVisible
    public android.graphics.drawable.Drawable mDropDownListHighlight
    public boolean mForceIgnoreOutsideTouch
    public int mPromptPosition
    public android.view.View mPromptView
    public java.lang.Runnable mShowDropDownRunnable
    public static int buildDropDown()
    public final void clearListSelection()
    public static android.view.View getAnchorView()
    public static int getMaxAvailableHeight()
    public static java.lang.Object getSelectedItem()
    public static long getSelectedItemId()
    public final int getSelectedItemPosition()
    public static android.view.View getSelectedView()
    public static int getWidth()
    public final boolean isInputMethodNotNeeded()
    public static boolean isModal()
    public static void removePromptView()
    public final void setAnchorView(android.view.View)
    public static void setAnimationStyle()
    public static void setDropDownGravity()
    public final void setEpicenterBounds(android.graphics.Rect)
    public final void setInputMethodMode()
    public final void setModal()
    public final void setOnDismissListener(android.widget.PopupWindow$OnDismissListener)
    public static void setOnItemClickListener()
    public static void setOnItemSelectedListener()
    public static void setOverlapAnchor()
    public static void setPopupClipToScreenEnabled()
    public static void setPromptPosition()
androidx.appcompat.widget.MenuPopupWindow:
    public static void setEnterTransition()
    public static void setExitTransition()
    public static void setHoverListener()
    public static void setTouchModal()
androidx.appcompat.widget.ResourceManagerInternal$ColorFilterLruCache:
    public static int generateCacheKey(int,android.graphics.PorterDuff$Mode)
    public static android.graphics.PorterDuffColorFilter get()
    public static android.graphics.PorterDuffColorFilter put()
androidx.appcompat.widget.ResourceManagerInternal$ResourceManagerHooks